<?xml version="1.0" encoding="UTF-8"?>
<!-- Generated by org.testng.reporters.JUnitXMLReporter -->
<testsuite ignored="0" hostname="L01878-Arun-P" failures="6" tests="70" name="API BAT&#039;s" time="273.202" errors="0" timestamp="2025-04-23T10:30:19 IST">
  <testcase classname="Price_APIs.GET_POST__API" name="Test_POST_Landing_page_Context_Menu_Override_with_current_retail_prices_API" time="3.859"/>
  <testcase classname="Price_APIs.POST_Landing_page_Context_Menu_Override_with_current_retail_prices_API" name="Test_POST_Landing_page_Context_Menu_Override_with_current_retail_prices_API" time="1.814"/>
  <testcase classname="Price_APIs.POST_Landing_Page_Context_Menu_Price_update_API" name="Test_POST_Landing_Page_Context_Menu_Price_update_API" time="1.689">
    <failure type="java.lang.AssertionError" message="expected [200] but found [500]">
      <![CDATA[java.lang.AssertionError: expected [200] but found [500]
at Price_APIs.POST_Landing_Page_Context_Menu_Price_update_API.Test_POST_Landing_Page_Context_Menu_Price_update_API(POST_Landing_Page_Context_Menu_Price_update_API.java:109)
at java.base/java.util.ArrayList.forEach(ArrayList.java:1511)
at java.base/java.util.concurrent.FutureTask.run(FutureTask.java:264)
at java.base/java.util.concurrent.ThreadPoolExecutor.runWorker(ThreadPoolExecutor.java:1136)
at java.base/java.util.concurrent.ThreadPoolExecutor$Worker.run(ThreadPoolExecutor.java:635)
at java.base/java.lang.Thread.run(Thread.java:840)
... Removed 24 stack frames]]>
    </failure>
  </testcase> <!-- Test_POST_Landing_Page_Context_Menu_Price_update_API -->
  <testcase classname="Price_APIs.POST_Price_Activate_rule_Edit_Scenario_API" name="Test_POST_Price_Activate_rule_Edit_Scenario_API" time="1.538"/>
  <testcase classname="Price_APIs.POST_Price_Custom_Report_Creation_API" name="Test_POST_Price_Custom_Report_Creation_API" time="1.63">
    <failure type="java.lang.AssertionError" message="expected [HTTP/1.1 200 200] but found [HTTP/1.1 500 500]">
      <![CDATA[java.lang.AssertionError: expected [HTTP/1.1 200 200] but found [HTTP/1.1 500 500]
at Price_APIs.POST_Price_Custom_Report_Creation_API.Test_POST_Price_Custom_Report_Creation_API(POST_Price_Custom_Report_Creation_API.java:99)
at java.base/java.util.ArrayList.forEach(ArrayList.java:1511)
at java.base/java.util.concurrent.FutureTask.run(FutureTask.java:264)
at java.base/java.util.concurrent.ThreadPoolExecutor.runWorker(ThreadPoolExecutor.java:1136)
at java.base/java.util.concurrent.ThreadPoolExecutor$Worker.run(ThreadPoolExecutor.java:635)
at java.base/java.lang.Thread.run(Thread.java:840)
... Removed 24 stack frames]]>
    </failure>
  </testcase> <!-- Test_POST_Price_Custom_Report_Creation_API -->
  <testcase classname="Price_APIs.POST_Price_Deactivate_rule_Edit_Scenario_API" name="Test_POST_Price_Deactivate_rule_Edit_Scenario_API" time="1.909"/>
  <testcase classname="Price_APIs.POST_Price_Detailed_Scenario_POST_URL_API" name="Test_POST_Price_Detailed_Scenario_POST_URL_API" time="2.67"/>
  <testcase classname="Price_APIs.POST_Price_Duplicate_Scenario_With_results_API" name="Test_POST_Price_Duplicate_Scenario_With_results_API" time="1.862"/>
  <testcase classname="Price_APIs.POST_Price_Landing_page_Context_Menu_Approve_for_Export_Report_API" name="Test_POST_Price_Landing_page_Context_Menu_Approve_for_Export_Report_API" time="1.582"/>
  <testcase classname="Price_APIs.POST_Price_Landing_page_Context_Menu_Export_override_Prices_report_API" name="Test_POST_Price_Landing_page_Context_Menu_Export_override_Prices_report_API" time="3.277"/>
  <testcase classname="Price_APIs.POST_Price_Landing_page_Context_Menu_Move_Scenario_to_Production_API" name="Test_POST_Price_Landing_page_Context_Menu_Move_Scenario_to_Production_API" time="1.675"/>
  <testcase classname="Price_APIs.POST_Price_Landing_Page_Context_Menu_Remove_from_production_API" name="Test_POST_Price_Landing_Page_Context_Menu_Remove_from_production_API" time="1.668"/>
  <testcase classname="Price_APIs.POST_Price_Landing_page_new_Report_API" name="Test_POST_Price_Landing_page_new_Report_API" time="1.882">
    <failure type="java.lang.AssertionError" message="expected [HTTP/1.1 200 200] but found [HTTP/1.1 500 500]">
      <![CDATA[java.lang.AssertionError: expected [HTTP/1.1 200 200] but found [HTTP/1.1 500 500]
at Price_APIs.POST_Price_Landing_page_new_Report_API.Test_POST_Price_Landing_page_new_Report_API(POST_Price_Landing_page_new_Report_API.java:97)
at java.base/java.util.ArrayList.forEach(ArrayList.java:1511)
at java.base/java.util.concurrent.FutureTask.run(FutureTask.java:264)
at java.base/java.util.concurrent.ThreadPoolExecutor.runWorker(ThreadPoolExecutor.java:1136)
at java.base/java.util.concurrent.ThreadPoolExecutor$Worker.run(ThreadPoolExecutor.java:635)
at java.base/java.lang.Thread.run(Thread.java:840)
... Removed 24 stack frames]]>
    </failure>
  </testcase> <!-- Test_POST_Price_Landing_page_new_Report_API -->
  <testcase classname="Price_APIs.POST_Price_New_Scenario_Add_Rule_Group_API" name="Test_POST_Price_New_Scenario_Add_Rule_Group_API" time="1.755"/>
  <testcase classname="Price_APIs.POST_Price_New_Scenario_Change_Category_API" name="Test_POST_Price_New_Scenario_Change_Category_API" time="2.865"/>
  <testcase classname="Price_APIs.POST_Price_New_Scenario_change_division_API" name="Test_POST_Price_New_Scenario_change_division_API" time="3.085"/>
  <testcase classname="Price_APIs.POST_Price_New_Scenario_Copy_Rule_API" name="Test_POST_Price_New_Scenario_Copy_Rule_API" time="1.909"/>
  <testcase classname="Price_APIs.POST_Price_New_Scenario_Edit_Rules_API" name="Test_POST_Price_New_Scenario_Edit_Rules_API" time="1.711">
    <failure type="java.lang.AssertionError" message="expected [HTTP/1.1 200 200] but found [HTTP/1.1 500 500]">
      <![CDATA[java.lang.AssertionError: expected [HTTP/1.1 200 200] but found [HTTP/1.1 500 500]
at Price_APIs.POST_Price_New_Scenario_Edit_Rules_API.Test_POST_Price_New_Scenario_Edit_Rules_API(POST_Price_New_Scenario_Edit_Rules_API.java:97)
at java.base/java.util.ArrayList.forEach(ArrayList.java:1511)
at java.base/java.util.concurrent.FutureTask.run(FutureTask.java:264)
at java.base/java.util.concurrent.ThreadPoolExecutor.runWorker(ThreadPoolExecutor.java:1136)
at java.base/java.util.concurrent.ThreadPoolExecutor$Worker.run(ThreadPoolExecutor.java:635)
at java.base/java.lang.Thread.run(Thread.java:840)
... Removed 24 stack frames]]>
    </failure>
  </testcase> <!-- Test_POST_Price_New_Scenario_Edit_Rules_API -->
  <testcase classname="Price_APIs.POST_Price_New_Scenario_edit_rules_save_API" name="Test_POST_Price_New_Scenario_edit_rules_save_API" time="1.638">
    <failure type="java.lang.AssertionError" message="expected [200] but found [500]">
      <![CDATA[java.lang.AssertionError: expected [200] but found [500]
at Price_APIs.POST_Price_New_Scenario_edit_rules_save_API.Test_POST_Price_New_Scenario_edit_rules_save_API(POST_Price_New_Scenario_edit_rules_save_API.java:110)
at java.base/java.util.ArrayList.forEach(ArrayList.java:1511)
at java.base/java.util.concurrent.FutureTask.run(FutureTask.java:264)
at java.base/java.util.concurrent.ThreadPoolExecutor.runWorker(ThreadPoolExecutor.java:1136)
at java.base/java.util.concurrent.ThreadPoolExecutor$Worker.run(ThreadPoolExecutor.java:635)
at java.base/java.lang.Thread.run(Thread.java:840)
... Removed 24 stack frames]]>
    </failure>
  </testcase> <!-- Test_POST_Price_New_Scenario_edit_rules_save_API -->
  <testcase classname="Price_APIs.POST_Price_New_Scenario_Save_API" name="Test_POST_Price_New_Scenario_Save_API" time="1.737"/>
  <testcase classname="Price_APIs.POST_Price_Override_with_current_retail_prices_Scenario_Results_API" name="Test_POST_Price_Override_with_current_retail_prices_Scenario_Results_API" time="1.615"/>
  <testcase classname="Price_APIs.POST_Price_Scenario_Summary_Actions_Recalculate_API" name="Test_POST_Price_Detailed_Scenario_POST_URL_API" time="1.76">
    <failure type="java.lang.AssertionError" message="expected [200] but found [500]">
      <![CDATA[java.lang.AssertionError: expected [200] but found [500]
at Price_APIs.POST_Price_Scenario_Summary_Actions_Recalculate_API.Test_POST_Price_Detailed_Scenario_POST_URL_API(POST_Price_Scenario_Summary_Actions_Recalculate_API.java:111)
at java.base/java.util.ArrayList.forEach(ArrayList.java:1511)
at java.base/java.util.concurrent.FutureTask.run(FutureTask.java:264)
at java.base/java.util.concurrent.ThreadPoolExecutor.runWorker(ThreadPoolExecutor.java:1136)
at java.base/java.util.concurrent.ThreadPoolExecutor$Worker.run(ThreadPoolExecutor.java:635)
at java.base/java.lang.Thread.run(Thread.java:840)
... Removed 24 stack frames]]>
    </failure>
  </testcase> <!-- Test_POST_Price_Detailed_Scenario_POST_URL_API -->
  <testcase classname="Price_APIs.POST_Price_Scenario_Summary_Actions_Recalculate_with_Rules_API" name="Test_POST_Price_Copy_API" time="1.922"/>
  <testcase classname="Price_APIs.POST_Price_Scenario_Summary_Details_page_Scenario_Result_Export_API" name="Test_POST_Price_Scenario_Summary_Details_page_Scenario_Result_Export_API" time="5.469"/>
  <testcase classname="Price_APIs.POST_Price_Scenario_Summary_History_Export_API" name="Test_POST_Price_Scenario_Summary_History_Export_API" time="2.573"/>
  <testcase classname="Price_APIs.POST_Price_Scenario_Summary_Scenario_Settings_report_API" name="Test_POST_Save_Comment_API_API" time="2.305"/>
  <testcase classname="Price_APIs.POST_Price_Update_multiple_override_Scenario_Results_API" name="Test_POST_Price_Update_multiple_override_Scenario_Results_API" time="1.782"/>
  <testcase classname="Price_APIs.POST_Save_Comment_API" name="Test_POST_Save_Comment_API_API" time="1.996"/>
  <testcase classname="Price_APIs.Price_Action_Compare_scenarios_API" name="Test_Price_Action_Compare_scenarios_API" time="2.241"/>
  <testcase classname="Price_APIs.Price_Competitive_rules_report_API" name="Test_Price_Competitive_rules_report_API" time="1.692"/>
  <testcase classname="Price_APIs.Price_Context_Menu_Approve_for_Export_Dialogue_API" name="Test_Price_Context_Menu_Approve_for_Export_Dialogue_API" time="2.153"/>
  <testcase classname="Price_APIs.Price_Context_Menu_Export_override_prices_dialogue_API" name="Test_Price_Context_Menu_Export_override_prices_dialogue_API" time="1.656"/>
  <testcase classname="Price_APIs.Price_CPI_rules_report_API" name="Test_Price_CPI_rules_report_API" time="1.947"/>
  <testcase classname="Price_APIs.Price_Details_page_CPI_report_API" name="Test_Price_Details_page_CPI_report_API" time="1.773"/>
  <testcase classname="Price_APIs.Price_Details_page_DetailedResults_filtered_by_aggregation_API" name="Test_Price_Details_page_DetailedResults_filtered_by_aggregation_API" time="2.045"/>
  <testcase classname="Price_APIs.Price_Details_page_Rules_Exception_report_API" name="Test_Price_Details_page_Rules_Exception_report_API" time="1.768"/>
  <testcase classname="Price_APIs.Price_Duplicate_Scenario_Name_API" name="Test_Price_is_Duplicate_Scenario_Name_API" time="1.735"/>
  <testcase classname="Price_APIs.Price_Edit_scenario_icon_API" name="Test_Price_Edit_scenario_icon_API" time="2.742"/>
  <testcase classname="Price_APIs.Price_Get_advanced_override_competitors_list_API" name="Test_Price_Get_advanced_override_competitors_list_API" time="1.656"/>
  <testcase classname="Price_APIs.Price_Get_Advanced_override_Modal_Scenario_Results_API" name="Test_Price_Get_Advanced_override_Modal_Scenario_Results_API" time="1.742"/>
  <testcase classname="Price_APIs.Price_Get_advanced_override_price_actions_API" name="Test_Price_Get_advanced_override_price_actions_API" time="1.849"/>
  <testcase classname="Price_APIs.Price_get_Competitor_Position_widget_API" name="Test_Price_get_Competitor_Position_widget_API" time="1.741"/>
  <testcase classname="Price_APIs.Price_get_Cpi_Changes_widget_API" name="Test_Price_get_Cpi_Changes_widget_API" time="1.775"/>
  <testcase classname="Price_APIs.Price_get_Model_Health_widget_API" name="Test_Price_get_Model_Health_widget_API" time="1.552"/>
  <testcase classname="Price_APIs.Price_get_Price_Change_Summary_widget_API" name="Test_Price_get_Price_Change_Summary_widget_API" time="1.853"/>
  <testcase classname="Price_APIs.Price_get_Product_Analysis_widget_API" name="Test_Price_get_Product_Analysis_widget_API" time="1.872"/>
  <testcase classname="Price_APIs.Price_get_Rule_Exception_widget_API" name="Test_Price_get_Rule_Exception_widget_API" time="1.844"/>
  <testcase classname="Price_APIs.Price_get_Scenario_API" name="Test_Price_get_Scenario_API" time="3.021"/>
  <testcase classname="Price_APIs.Price_Landing_page_widget_broken_API" name="Test_Price_Landing_page_widget_broken_API" time="2.163"/>
  <testcase classname="Price_APIs.Price_Landing_page_widget_config_API" name="Test_Price_Landing_page_widget_config_API" time="1.839"/>
  <testcase classname="Price_APIs.Price_Landing_page_widget_Count_Model_Health_API" name="Test_Price_Landing_page_widget_Count_Model_Health_API" time="2.345"/>
  <testcase classname="Price_APIs.Price_Landing_page_widget_Filter_extreme_chg_API" name="Test_Price_Landing_page_widget_Filter_extreme_chg_API" time="5.441"/>
  <testcase classname="Price_APIs.Price_Landing_pending_delete_report_API" name="Test_Price_Landing_pending_delete_report_API" time="1.874"/>
  <testcase classname="Price_APIs.Price_Landing_scenario_report_API" name="Test_Price_Landing_scenario_report_API" time="1.859"/>
  <testcase classname="Price_APIs.Price_New_Scenario_Get_Rules_Type_API" name="Test_Price_New_Scenario_Get_Rules_Type_API" time="1.693"/>
  <testcase classname="Price_APIs.Price_New_Scenario_New_Rule_API" name="Test_Price_New_Scenario_New_Rule_API" time="1.836"/>
  <testcase classname="Price_APIs.Price_New_Scenario_Rule_Group_API" name="Test_Price_New_Scenario_Rule_Group_API" time="1.928"/>
  <testcase classname="Price_APIs.Price_New_Scenario_Run_Rules_API" name="Test_Price_New_Scenario_Run_Rules_API" time="1.628"/>
  <testcase classname="Price_APIs.Price_Product_compare_Report_API" name="Test_Price_Product_compare_Report_API" time="1.857"/>
  <testcase classname="Price_APIs.Price_Scenario_Approval_History_Secondary_Manage_approvals_API" name="Test_Price_Scenario_Approval_History_Secondary_Manage_approvals_API" time="1.805"/>
  <testcase classname="Price_APIs.Price_Scenario_Compare_ChartMetrics_URL" name="Test_Price_Scenario_Compare_ChartMetrics_URL_API" time="1.664"/>
  <testcase classname="Price_APIs.Price_Scenario_Compare_Chart_URL" name="Test_Price_Scenario_Compare_Chart_URL_API" time="1.877"/>
  <testcase classname="Price_APIs.Price_Scenario_history_API_to_fetch_Run_ID_API" name="Test_Price_Scenario_history_API_to_fetch_Run_ID_API" time="2.693"/>
  <testcase classname="Price_APIs.Price_Scenario_Run_Id_API" name="Test_Price_Scenario_Run_Id_API" time="4.399"/>
  <testcase classname="Price_APIs.Price_Scenario_Settings_API" name="Test_Price_Scenario_Settings_API" time="1.926"/>
  <testcase classname="Price_APIs.Price_Scenario_Summary_History_report_API" name="Test_Price_Scenario_Summary_History_report_API" time="2.178"/>
  <testcase classname="Price_APIs.Price_Scenario_Summay_get_action_list_API" name="Test_Price_Scenario_Summay_get_action_list_API" time="1.482"/>
  <testcase classname="Price_APIs.Price_Scenario_Summay_get_financial_forecast_widget_API" name="Test_Price_Scenario_Summay_get_financial_forecast_widget_API" time="1.757"/>
  <testcase classname="Price_APIs.Price_Scenario_Summay_get_log_API" name="Test_Price_Scenario_Summay_get_log_API" time="1.745"/>
  <testcase classname="Price_APIs.Price_Scenario_Summay_get_report_API" name="Test_Price_Scenario_Summay_get_report_API" time="1.946"/>
</testsuite> <!-- API BAT's -->
